<?xml version="1.0" encoding="UTF-8"?>
<testsuite xmlns:xsi="http://www.w3.org/2001/XMLSchema-instance" xsi:noNamespaceSchemaLocation="https://maven.apache.org/surefire/maven-surefire-plugin/xsd/surefire-test-report.xsd" name="TestSuite" time="6.73" tests="54" errors="0" skipped="43" failures="11">
  <properties>
[...]
</properties>
  <testcase name="setUp" classname="iframe.FrameTest" time="4.505">
    <failure message="unknown error: Chrome failed to start: exited abnormally.&#10;  (unknown error: DevToolsActivePort file doesn&apos;t exist)&#10;  (The process started from chrome location /usr/bin/google-chrome is no longer running, so ChromeDriver is assuming that Chrome has crashed.)&#10;Build info: version: &apos;3.141.59&apos;, revision: &apos;e82be7d358&apos;, time: &apos;2018-11-14T08:17:03&apos;&#10;System info: host: &apos;fv-az292-713&apos;, ip: &apos;10.1.0.147&apos;, os.name: &apos;Linux&apos;, os.arch: &apos;amd64&apos;, os.version: &apos;5.4.0-1046-azure&apos;, java.version: &apos;1.8.0_292&apos;&#10;Driver info: driver.version: ChromeDriver&#10;remote stacktrace: #0 0x55f6d0482e89 &lt;unknown&gt;&#10;" type="org.openqa.selenium.WebDriverException"><![CDATA[org.openqa.selenium.WebDriverException: 
unknown error: Chrome failed to start: exited abnormally.
  (unknown error: DevToolsActivePort file doesn't exist)
  (The process started from chrome location /usr/bin/google-chrome is no longer running, so ChromeDriver is assuming that Chrome has crashed.)
Build info: version: '3.141.59', revision: 'e82be7d358', time: '2018-11-14T08:17:03'
System info: host: 'fv-az292-713', ip: '10.1.0.147', os.name: 'Linux', os.arch: 'amd64', os.version: '5.4.0-1046-azure', java.version: '1.8.0_292'
Driver info: driver.version: ChromeDriver
remote stacktrace: #0 0x55f6d0482e89 <unknown>

]]></failure>
    <system-out><![CDATA[Allure environment data saved.
]]></system-out>
    <system-err><![CDATA[SLF4J: Failed to load class "org.slf4j.impl.StaticLoggerBinder".
SLF4J: Defaulting to no-operation (NOP) logger implementation
SLF4J: See http://www.slf4j.org/codes.html#StaticLoggerBinder for further details.
May 08, 2021 11:17:21 PM java.util.prefs.FileSystemPreferences$1 run
INFO: Created user preferences directory.
Starting ChromeDriver 90.0.4430.24 (4c6d850f087da467d926e8eddb76550aed655991-refs/branch-heads/4430@{#429}) on port 15173
Only local connections are allowed.
Please see https://chromedriver.chromium.org/security-considerations for suggestions on keeping ChromeDriver safe.
ChromeDriver was started successfully.
]]></system-err>
  </testcase>
  <testcase name="testFrame" classname="iframe.FrameTest" time="0">
    <skipped message="unknown error: Chrome failed to start: exited abnormally.&#10;  (unknown error: DevToolsActivePort file doesn&apos;t exist)&#10;  (The process started from chrome location /usr/bin/google-chrome is no longer running, so ChromeDriver is assuming that Chrome has crashed.)&#10;Build info: version: &apos;3.141.59&apos;, revision: &apos;e82be7d358&apos;, time: &apos;2018-11-14T08:17:03&apos;&#10;System info: host: &apos;fv-az292-713&apos;, ip: &apos;10.1.0.147&apos;, os.name: &apos;Linux&apos;, os.arch: &apos;amd64&apos;, os.version: &apos;5.4.0-1046-azure&apos;, java.version: &apos;1.8.0_292&apos;&#10;Driver info: driver.version: ChromeDriver&#10;remote stacktrace: #0 0x55f6d0482e89 &lt;unknown&gt;&#10;"/>
  </testcase>
  <testcase name="tearDown" classname="iframe.FrameTest" time="0">
    <skipped/>
  </testcase>
  <testcase name="setUp" classname="uploadFile.UploadFileTest" time="0.164">
    <failure message="unknown error: Chrome failed to start: exited abnormally.&#10;  (unknown error: DevToolsActivePort file doesn&apos;t exist)&#10;  (The process started from chrome location /usr/bin/google-chrome is no longer running, so ChromeDriver is assuming that Chrome has crashed.)&#10;Build info: version: &apos;3.141.59&apos;, revision: &apos;e82be7d358&apos;, time: &apos;2018-11-14T08:17:03&apos;&#10;System info: host: &apos;fv-az292-713&apos;, ip: &apos;10.1.0.147&apos;, os.name: &apos;Linux&apos;, os.arch: &apos;amd64&apos;, os.version: &apos;5.4.0-1046-azure&apos;, java.version: &apos;1.8.0_292&apos;&#10;Driver info: driver.version: ChromeDriver&#10;remote stacktrace: #0 0x55b5211ece89 &lt;unknown&gt;&#10;" type="org.openqa.selenium.WebDriverException"><![CDATA[org.openqa.selenium.WebDriverException: 
unknown error: Chrome failed to start: exited abnormally.
  (unknown error: DevToolsActivePort file doesn't exist)
  (The process started from chrome location /usr/bin/google-chrome is no longer running, so ChromeDriver is assuming that Chrome has crashed.)
Build info: version: '3.141.59', revision: 'e82be7d358', time: '2018-11-14T08:17:03'
System info: host: 'fv-az292-713', ip: '10.1.0.147', os.name: 'Linux', os.arch: 'amd64', os.version: '5.4.0-1046-azure', java.version: '1.8.0_292'
Driver info: driver.version: ChromeDriver
remote stacktrace: #0 0x55b5211ece89 <unknown>

]]></failure>
    <system-err><![CDATA[Starting ChromeDriver 90.0.4430.24 (4c6d850f087da467d926e8eddb76550aed655991-refs/branch-heads/4430@{#429}) on port 15025
Only local connections are allowed.
Please see https://chromedriver.chromium.org/security-considerations for suggestions on keeping ChromeDriver safe.
ChromeDriver was started successfully.
]]></system-err>
  </testcase>
  <testcase name="testUploadFile" classname="uploadFile.UploadFileTest" time="0">
    <skipped message="unknown error: Chrome failed to start: exited abnormally.&#10;  (unknown error: DevToolsActivePort file doesn&apos;t exist)&#10;  (The process started from chrome location /usr/bin/google-chrome is no longer running, so ChromeDriver is assuming that Chrome has crashed.)&#10;Build info: version: &apos;3.141.59&apos;, revision: &apos;e82be7d358&apos;, time: &apos;2018-11-14T08:17:03&apos;&#10;System info: host: &apos;fv-az292-713&apos;, ip: &apos;10.1.0.147&apos;, os.name: &apos;Linux&apos;, os.arch: &apos;amd64&apos;, os.version: &apos;5.4.0-1046-azure&apos;, java.version: &apos;1.8.0_292&apos;&#10;Driver info: driver.version: ChromeDriver&#10;remote stacktrace: #0 0x55b5211ece89 &lt;unknown&gt;&#10;"/>
  </testcase>
  <testcase name="tearDown" classname="uploadFile.UploadFileTest" time="0">
    <skipped/>
  </testcase>
  <testcase name="setUp" classname="sentEmail.SentEmailTest" time="0.265">
    <failure message="unknown error: Chrome failed to start: exited abnormally.&#10;  (unknown error: DevToolsActivePort file doesn&apos;t exist)&#10;  (The process started from chrome location /usr/bin/google-chrome is no longer running, so ChromeDriver is assuming that Chrome has crashed.)&#10;Build info: version: &apos;3.141.59&apos;, revision: &apos;e82be7d358&apos;, time: &apos;2018-11-14T08:17:03&apos;&#10;System info: host: &apos;fv-az292-713&apos;, ip: &apos;10.1.0.147&apos;, os.name: &apos;Linux&apos;, os.arch: &apos;amd64&apos;, os.version: &apos;5.4.0-1046-azure&apos;, java.version: &apos;1.8.0_292&apos;&#10;Driver info: driver.version: ChromeDriver&#10;remote stacktrace: #0 0x5621e9850e89 &lt;unknown&gt;&#10;" type="org.openqa.selenium.WebDriverException"><![CDATA[org.openqa.selenium.WebDriverException: 
unknown error: Chrome failed to start: exited abnormally.
  (unknown error: DevToolsActivePort file doesn't exist)
  (The process started from chrome location /usr/bin/google-chrome is no longer running, so ChromeDriver is assuming that Chrome has crashed.)
Build info: version: '3.141.59', revision: 'e82be7d358', time: '2018-11-14T08:17:03'
System info: host: 'fv-az292-713', ip: '10.1.0.147', os.name: 'Linux', os.arch: 'amd64', os.version: '5.4.0-1046-azure', java.version: '1.8.0_292'
Driver info: driver.version: ChromeDriver
remote stacktrace: #0 0x5621e9850e89 <unknown>

]]></failure>
    <system-err><![CDATA[Starting ChromeDriver 90.0.4430.24 (4c6d850f087da467d926e8eddb76550aed655991-refs/branch-heads/4430@{#429}) on port 8349
Only local connections are allowed.
Please see https://chromedriver.chromium.org/security-considerations for suggestions on keeping ChromeDriver safe.
ChromeDriver was started successfully.
]]></system-err>
  </testcase>
  <testcase name="testSentEmail" classname="sentEmail.SentEmailTest" time="0">
    <skipped message="unknown error: Chrome failed to start: exited abnormally.&#10;  (unknown error: DevToolsActivePort file doesn&apos;t exist)&#10;  (The process started from chrome location /usr/bin/google-chrome is no longer running, so ChromeDriver is assuming that Chrome has crashed.)&#10;Build info: version: &apos;3.141.59&apos;, revision: &apos;e82be7d358&apos;, time: &apos;2018-11-14T08:17:03&apos;&#10;System info: host: &apos;fv-az292-713&apos;, ip: &apos;10.1.0.147&apos;, os.name: &apos;Linux&apos;, os.arch: &apos;amd64&apos;, os.version: &apos;5.4.0-1046-azure&apos;, java.version: &apos;1.8.0_292&apos;&#10;Driver info: driver.version: ChromeDriver&#10;remote stacktrace: #0 0x5621e9850e89 &lt;unknown&gt;&#10;"/>
  </testcase>
  <testcase name="tearDown" classname="sentEmail.SentEmailTest" time="0">
    <skipped/>
  </testcase>
  <testcase name="setUp" classname="login.LoginTestUsingPropFile" time="0.19">
    <failure message="unknown error: Chrome failed to start: exited abnormally.&#10;  (unknown error: DevToolsActivePort file doesn&apos;t exist)&#10;  (The process started from chrome location /usr/bin/google-chrome is no longer running, so ChromeDriver is assuming that Chrome has crashed.)&#10;Build info: version: &apos;3.141.59&apos;, revision: &apos;e82be7d358&apos;, time: &apos;2018-11-14T08:17:03&apos;&#10;System info: host: &apos;fv-az292-713&apos;, ip: &apos;10.1.0.147&apos;, os.name: &apos;Linux&apos;, os.arch: &apos;amd64&apos;, os.version: &apos;5.4.0-1046-azure&apos;, java.version: &apos;1.8.0_292&apos;&#10;Driver info: driver.version: ChromeDriver&#10;remote stacktrace: #0 0x56165ac97e89 &lt;unknown&gt;&#10;" type="org.openqa.selenium.WebDriverException"><![CDATA[org.openqa.selenium.WebDriverException: 
unknown error: Chrome failed to start: exited abnormally.
  (unknown error: DevToolsActivePort file doesn't exist)
  (The process started from chrome location /usr/bin/google-chrome is no longer running, so ChromeDriver is assuming that Chrome has crashed.)
Build info: version: '3.141.59', revision: 'e82be7d358', time: '2018-11-14T08:17:03'
System info: host: 'fv-az292-713', ip: '10.1.0.147', os.name: 'Linux', os.arch: 'amd64', os.version: '5.4.0-1046-azure', java.version: '1.8.0_292'
Driver info: driver.version: ChromeDriver
remote stacktrace: #0 0x56165ac97e89 <unknown>

]]></failure>
    <system-err><![CDATA[Starting ChromeDriver 90.0.4430.24 (4c6d850f087da467d926e8eddb76550aed655991-refs/branch-heads/4430@{#429}) on port 18935
Only local connections are allowed.
Please see https://chromedriver.chromium.org/security-considerations for suggestions on keeping ChromeDriver safe.
ChromeDriver was started successfully.
]]></system-err>
  </testcase>
  <testcase name="testSuccessfulLogin" classname="login.LoginTestUsingPropFile" time="0">
    <skipped message="unknown error: Chrome failed to start: exited abnormally.&#10;  (unknown error: DevToolsActivePort file doesn&apos;t exist)&#10;  (The process started from chrome location /usr/bin/google-chrome is no longer running, so ChromeDriver is assuming that Chrome has crashed.)&#10;Build info: version: &apos;3.141.59&apos;, revision: &apos;e82be7d358&apos;, time: &apos;2018-11-14T08:17:03&apos;&#10;System info: host: &apos;fv-az292-713&apos;, ip: &apos;10.1.0.147&apos;, os.name: &apos;Linux&apos;, os.arch: &apos;amd64&apos;, os.version: &apos;5.4.0-1046-azure&apos;, java.version: &apos;1.8.0_292&apos;&#10;Driver info: driver.version: ChromeDriver&#10;remote stacktrace: #0 0x56165ac97e89 &lt;unknown&gt;&#10;"/>
  </testcase>
  <testcase name="tearDown" classname="login.LoginTestUsingPropFile" time="0">
    <skipped/>
  </testcase>
  <testcase name="setUp" classname="status.StatusCodeTest" time="0.208">
    <failure message="unknown error: Chrome failed to start: exited abnormally.&#10;  (unknown error: DevToolsActivePort file doesn&apos;t exist)&#10;  (The process started from chrome location /usr/bin/google-chrome is no longer running, so ChromeDriver is assuming that Chrome has crashed.)&#10;Build info: version: &apos;3.141.59&apos;, revision: &apos;e82be7d358&apos;, time: &apos;2018-11-14T08:17:03&apos;&#10;System info: host: &apos;fv-az292-713&apos;, ip: &apos;10.1.0.147&apos;, os.name: &apos;Linux&apos;, os.arch: &apos;amd64&apos;, os.version: &apos;5.4.0-1046-azure&apos;, java.version: &apos;1.8.0_292&apos;&#10;Driver info: driver.version: ChromeDriver&#10;remote stacktrace: #0 0x56238e284e89 &lt;unknown&gt;&#10;" type="org.openqa.selenium.WebDriverException"><![CDATA[org.openqa.selenium.WebDriverException: 
unknown error: Chrome failed to start: exited abnormally.
  (unknown error: DevToolsActivePort file doesn't exist)
  (The process started from chrome location /usr/bin/google-chrome is no longer running, so ChromeDriver is assuming that Chrome has crashed.)
Build info: version: '3.141.59', revision: 'e82be7d358', time: '2018-11-14T08:17:03'
System info: host: 'fv-az292-713', ip: '10.1.0.147', os.name: 'Linux', os.arch: 'amd64', os.version: '5.4.0-1046-azure', java.version: '1.8.0_292'
Driver info: driver.version: ChromeDriver
remote stacktrace: #0 0x56238e284e89 <unknown>

]]></failure>
    <system-err><![CDATA[Starting ChromeDriver 90.0.4430.24 (4c6d850f087da467d926e8eddb76550aed655991-refs/branch-heads/4430@{#429}) on port 1690
Only local connections are allowed.
Please see https://chromedriver.chromium.org/security-considerations for suggestions on keeping ChromeDriver safe.
ChromeDriver was started successfully.
]]></system-err>
  </testcase>
  <testcase name="setUp" classname="status.StatusCodeTest" time="0">
    <skipped/>
  </testcase>
  <testcase name="setUp" classname="status.StatusCodeTest" time="0">
    <skipped/>
  </testcase>
  <testcase name="setUp" classname="status.StatusCodeTest" time="0">
    <skipped/>
  </testcase>
  <testcase name="setUp" classname="status.StatusCodeTest" time="0">
    <skipped/>
  </testcase>
  <testcase name="testStatusCodes" classname="status.StatusCodeTest" time="0">
    <skipped message="unknown error: Chrome failed to start: exited abnormally.&#10;  (unknown error: DevToolsActivePort file doesn&apos;t exist)&#10;  (The process started from chrome location /usr/bin/google-chrome is no longer running, so ChromeDriver is assuming that Chrome has crashed.)&#10;Build info: version: &apos;3.141.59&apos;, revision: &apos;e82be7d358&apos;, time: &apos;2018-11-14T08:17:03&apos;&#10;System info: host: &apos;fv-az292-713&apos;, ip: &apos;10.1.0.147&apos;, os.name: &apos;Linux&apos;, os.arch: &apos;amd64&apos;, os.version: &apos;5.4.0-1046-azure&apos;, java.version: &apos;1.8.0_292&apos;&#10;Driver info: driver.version: ChromeDriver&#10;remote stacktrace: #0 0x56238e284e89 &lt;unknown&gt;&#10;"/>
  </testcase>
  <testcase name="testStatusCodes" classname="status.StatusCodeTest" time="0">
    <skipped message="unknown error: Chrome failed to start: exited abnormally.&#10;  (unknown error: DevToolsActivePort file doesn&apos;t exist)&#10;  (The process started from chrome location /usr/bin/google-chrome is no longer running, so ChromeDriver is assuming that Chrome has crashed.)&#10;Build info: version: &apos;3.141.59&apos;, revision: &apos;e82be7d358&apos;, time: &apos;2018-11-14T08:17:03&apos;&#10;System info: host: &apos;fv-az292-713&apos;, ip: &apos;10.1.0.147&apos;, os.name: &apos;Linux&apos;, os.arch: &apos;amd64&apos;, os.version: &apos;5.4.0-1046-azure&apos;, java.version: &apos;1.8.0_292&apos;&#10;Driver info: driver.version: ChromeDriver&#10;remote stacktrace: #0 0x56238e284e89 &lt;unknown&gt;&#10;"/>
  </testcase>
  <testcase name="testStatusCodes" classname="status.StatusCodeTest" time="0">
    <skipped message="unknown error: Chrome failed to start: exited abnormally.&#10;  (unknown error: DevToolsActivePort file doesn&apos;t exist)&#10;  (The process started from chrome location /usr/bin/google-chrome is no longer running, so ChromeDriver is assuming that Chrome has crashed.)&#10;Build info: version: &apos;3.141.59&apos;, revision: &apos;e82be7d358&apos;, time: &apos;2018-11-14T08:17:03&apos;&#10;System info: host: &apos;fv-az292-713&apos;, ip: &apos;10.1.0.147&apos;, os.name: &apos;Linux&apos;, os.arch: &apos;amd64&apos;, os.version: &apos;5.4.0-1046-azure&apos;, java.version: &apos;1.8.0_292&apos;&#10;Driver info: driver.version: ChromeDriver&#10;remote stacktrace: #0 0x56238e284e89 &lt;unknown&gt;&#10;"/>
  </testcase>
  <testcase name="testStatusCodes" classname="status.StatusCodeTest" time="0">
    <skipped message="unknown error: Chrome failed to start: exited abnormally.&#10;  (unknown error: DevToolsActivePort file doesn&apos;t exist)&#10;  (The process started from chrome location /usr/bin/google-chrome is no longer running, so ChromeDriver is assuming that Chrome has crashed.)&#10;Build info: version: &apos;3.141.59&apos;, revision: &apos;e82be7d358&apos;, time: &apos;2018-11-14T08:17:03&apos;&#10;System info: host: &apos;fv-az292-713&apos;, ip: &apos;10.1.0.147&apos;, os.name: &apos;Linux&apos;, os.arch: &apos;amd64&apos;, os.version: &apos;5.4.0-1046-azure&apos;, java.version: &apos;1.8.0_292&apos;&#10;Driver info: driver.version: ChromeDriver&#10;remote stacktrace: #0 0x56238e284e89 &lt;unknown&gt;&#10;"/>
  </testcase>
  <testcase name="testStatusCodes" classname="status.StatusCodeTest" time="0">
    <skipped message="unknown error: Chrome failed to start: exited abnormally.&#10;  (unknown error: DevToolsActivePort file doesn&apos;t exist)&#10;  (The process started from chrome location /usr/bin/google-chrome is no longer running, so ChromeDriver is assuming that Chrome has crashed.)&#10;Build info: version: &apos;3.141.59&apos;, revision: &apos;e82be7d358&apos;, time: &apos;2018-11-14T08:17:03&apos;&#10;System info: host: &apos;fv-az292-713&apos;, ip: &apos;10.1.0.147&apos;, os.name: &apos;Linux&apos;, os.arch: &apos;amd64&apos;, os.version: &apos;5.4.0-1046-azure&apos;, java.version: &apos;1.8.0_292&apos;&#10;Driver info: driver.version: ChromeDriver&#10;remote stacktrace: #0 0x56238e284e89 &lt;unknown&gt;&#10;"/>
  </testcase>
  <testcase name="tearDown" classname="status.StatusCodeTest" time="0">
    <skipped/>
  </testcase>
  <testcase name="tearDown" classname="status.StatusCodeTest" time="0">
    <skipped/>
  </testcase>
  <testcase name="tearDown" classname="status.StatusCodeTest" time="0">
    <skipped/>
  </testcase>
  <testcase name="tearDown" classname="status.StatusCodeTest" time="0">
    <skipped/>
  </testcase>
  <testcase name="tearDown" classname="status.StatusCodeTest" time="0">
    <skipped/>
  </testcase>
  <testcase name="setUp" classname="wait.Example2LoadingTest" time="0.191">
    <failure message="unknown error: Chrome failed to start: exited abnormally.&#10;  (unknown error: DevToolsActivePort file doesn&apos;t exist)&#10;  (The process started from chrome location /usr/bin/google-chrome is no longer running, so ChromeDriver is assuming that Chrome has crashed.)&#10;Build info: version: &apos;3.141.59&apos;, revision: &apos;e82be7d358&apos;, time: &apos;2018-11-14T08:17:03&apos;&#10;System info: host: &apos;fv-az292-713&apos;, ip: &apos;10.1.0.147&apos;, os.name: &apos;Linux&apos;, os.arch: &apos;amd64&apos;, os.version: &apos;5.4.0-1046-azure&apos;, java.version: &apos;1.8.0_292&apos;&#10;Driver info: driver.version: ChromeDriver&#10;remote stacktrace: #0 0x55d0cd4ffe89 &lt;unknown&gt;&#10;" type="org.openqa.selenium.WebDriverException"><![CDATA[org.openqa.selenium.WebDriverException: 
unknown error: Chrome failed to start: exited abnormally.
  (unknown error: DevToolsActivePort file doesn't exist)
  (The process started from chrome location /usr/bin/google-chrome is no longer running, so ChromeDriver is assuming that Chrome has crashed.)
Build info: version: '3.141.59', revision: 'e82be7d358', time: '2018-11-14T08:17:03'
System info: host: 'fv-az292-713', ip: '10.1.0.147', os.name: 'Linux', os.arch: 'amd64', os.version: '5.4.0-1046-azure', java.version: '1.8.0_292'
Driver info: driver.version: ChromeDriver
remote stacktrace: #0 0x55d0cd4ffe89 <unknown>

]]></failure>
    <system-err><![CDATA[Starting ChromeDriver 90.0.4430.24 (4c6d850f087da467d926e8eddb76550aed655991-refs/branch-heads/4430@{#429}) on port 16762
Only local connections are allowed.
Please see https://chromedriver.chromium.org/security-considerations for suggestions on keeping ChromeDriver safe.
ChromeDriver was started successfully.
]]></system-err>
  </testcase>
  <testcase name="testWaitExmaple2" classname="wait.Example2LoadingTest" time="0">
    <skipped message="unknown error: Chrome failed to start: exited abnormally.&#10;  (unknown error: DevToolsActivePort file doesn&apos;t exist)&#10;  (The process started from chrome location /usr/bin/google-chrome is no longer running, so ChromeDriver is assuming that Chrome has crashed.)&#10;Build info: version: &apos;3.141.59&apos;, revision: &apos;e82be7d358&apos;, time: &apos;2018-11-14T08:17:03&apos;&#10;System info: host: &apos;fv-az292-713&apos;, ip: &apos;10.1.0.147&apos;, os.name: &apos;Linux&apos;, os.arch: &apos;amd64&apos;, os.version: &apos;5.4.0-1046-azure&apos;, java.version: &apos;1.8.0_292&apos;&#10;Driver info: driver.version: ChromeDriver&#10;remote stacktrace: #0 0x55d0cd4ffe89 &lt;unknown&gt;&#10;"/>
  </testcase>
  <testcase name="tearDown" classname="wait.Example2LoadingTest" time="0">
    <skipped/>
  </testcase>
  <testcase name="setUp" classname="alert.AlertTest" time="0.191">
    <failure message="unknown error: Chrome failed to start: exited abnormally.&#10;  (unknown error: DevToolsActivePort file doesn&apos;t exist)&#10;  (The process started from chrome location /usr/bin/google-chrome is no longer running, so ChromeDriver is assuming that Chrome has crashed.)&#10;Build info: version: &apos;3.141.59&apos;, revision: &apos;e82be7d358&apos;, time: &apos;2018-11-14T08:17:03&apos;&#10;System info: host: &apos;fv-az292-713&apos;, ip: &apos;10.1.0.147&apos;, os.name: &apos;Linux&apos;, os.arch: &apos;amd64&apos;, os.version: &apos;5.4.0-1046-azure&apos;, java.version: &apos;1.8.0_292&apos;&#10;Driver info: driver.version: ChromeDriver&#10;remote stacktrace: #0 0x55a3a80d7e89 &lt;unknown&gt;&#10;" type="org.openqa.selenium.WebDriverException"><![CDATA[org.openqa.selenium.WebDriverException: 
unknown error: Chrome failed to start: exited abnormally.
  (unknown error: DevToolsActivePort file doesn't exist)
  (The process started from chrome location /usr/bin/google-chrome is no longer running, so ChromeDriver is assuming that Chrome has crashed.)
Build info: version: '3.141.59', revision: 'e82be7d358', time: '2018-11-14T08:17:03'
System info: host: 'fv-az292-713', ip: '10.1.0.147', os.name: 'Linux', os.arch: 'amd64', os.version: '5.4.0-1046-azure', java.version: '1.8.0_292'
Driver info: driver.version: ChromeDriver
remote stacktrace: #0 0x55a3a80d7e89 <unknown>

]]></failure>
    <system-err><![CDATA[Starting ChromeDriver 90.0.4430.24 (4c6d850f087da467d926e8eddb76550aed655991-refs/branch-heads/4430@{#429}) on port 22503
Only local connections are allowed.
Please see https://chromedriver.chromium.org/security-considerations for suggestions on keeping ChromeDriver safe.
ChromeDriver was started successfully.
]]></system-err>
  </testcase>
  <testcase name="setUp" classname="alert.AlertTest" time="0">
    <skipped/>
  </testcase>
  <testcase name="setUp" classname="alert.AlertTest" time="0">
    <skipped/>
  </testcase>
  <testcase name="testAcceptAlert" classname="alert.AlertTest" time="0">
    <skipped message="unknown error: Chrome failed to start: exited abnormally.&#10;  (unknown error: DevToolsActivePort file doesn&apos;t exist)&#10;  (The process started from chrome location /usr/bin/google-chrome is no longer running, so ChromeDriver is assuming that Chrome has crashed.)&#10;Build info: version: &apos;3.141.59&apos;, revision: &apos;e82be7d358&apos;, time: &apos;2018-11-14T08:17:03&apos;&#10;System info: host: &apos;fv-az292-713&apos;, ip: &apos;10.1.0.147&apos;, os.name: &apos;Linux&apos;, os.arch: &apos;amd64&apos;, os.version: &apos;5.4.0-1046-azure&apos;, java.version: &apos;1.8.0_292&apos;&#10;Driver info: driver.version: ChromeDriver&#10;remote stacktrace: #0 0x55a3a80d7e89 &lt;unknown&gt;&#10;"/>
  </testcase>
  <testcase name="tearDown" classname="alert.AlertTest" time="0">
    <skipped/>
  </testcase>
  <testcase name="tearDown" classname="alert.AlertTest" time="0">
    <skipped/>
  </testcase>
  <testcase name="tearDown" classname="alert.AlertTest" time="0">
    <skipped/>
  </testcase>
  <testcase name="testGetTextFromAlert" classname="alert.AlertTest" time="0">
    <skipped message="unknown error: Chrome failed to start: exited abnormally.&#10;  (unknown error: DevToolsActivePort file doesn&apos;t exist)&#10;  (The process started from chrome location /usr/bin/google-chrome is no longer running, so ChromeDriver is assuming that Chrome has crashed.)&#10;Build info: version: &apos;3.141.59&apos;, revision: &apos;e82be7d358&apos;, time: &apos;2018-11-14T08:17:03&apos;&#10;System info: host: &apos;fv-az292-713&apos;, ip: &apos;10.1.0.147&apos;, os.name: &apos;Linux&apos;, os.arch: &apos;amd64&apos;, os.version: &apos;5.4.0-1046-azure&apos;, java.version: &apos;1.8.0_292&apos;&#10;Driver info: driver.version: ChromeDriver&#10;remote stacktrace: #0 0x55a3a80d7e89 &lt;unknown&gt;&#10;"/>
  </testcase>
  <testcase name="testSetInputInAlert" classname="alert.AlertTest" time="0">
    <skipped message="unknown error: Chrome failed to start: exited abnormally.&#10;  (unknown error: DevToolsActivePort file doesn&apos;t exist)&#10;  (The process started from chrome location /usr/bin/google-chrome is no longer running, so ChromeDriver is assuming that Chrome has crashed.)&#10;Build info: version: &apos;3.141.59&apos;, revision: &apos;e82be7d358&apos;, time: &apos;2018-11-14T08:17:03&apos;&#10;System info: host: &apos;fv-az292-713&apos;, ip: &apos;10.1.0.147&apos;, os.name: &apos;Linux&apos;, os.arch: &apos;amd64&apos;, os.version: &apos;5.4.0-1046-azure&apos;, java.version: &apos;1.8.0_292&apos;&#10;Driver info: driver.version: ChromeDriver&#10;remote stacktrace: #0 0x55a3a80d7e89 &lt;unknown&gt;&#10;"/>
  </testcase>
  <testcase name="setUp" classname="dropdown.DropDownTest" time="0.144">
    <failure message="unknown error: Chrome failed to start: exited abnormally.&#10;  (unknown error: DevToolsActivePort file doesn&apos;t exist)&#10;  (The process started from chrome location /usr/bin/google-chrome is no longer running, so ChromeDriver is assuming that Chrome has crashed.)&#10;Build info: version: &apos;3.141.59&apos;, revision: &apos;e82be7d358&apos;, time: &apos;2018-11-14T08:17:03&apos;&#10;System info: host: &apos;fv-az292-713&apos;, ip: &apos;10.1.0.147&apos;, os.name: &apos;Linux&apos;, os.arch: &apos;amd64&apos;, os.version: &apos;5.4.0-1046-azure&apos;, java.version: &apos;1.8.0_292&apos;&#10;Driver info: driver.version: ChromeDriver&#10;remote stacktrace: #0 0x559ebfb86e89 &lt;unknown&gt;&#10;" type="org.openqa.selenium.WebDriverException"><![CDATA[org.openqa.selenium.WebDriverException: 
unknown error: Chrome failed to start: exited abnormally.
  (unknown error: DevToolsActivePort file doesn't exist)
  (The process started from chrome location /usr/bin/google-chrome is no longer running, so ChromeDriver is assuming that Chrome has crashed.)
Build info: version: '3.141.59', revision: 'e82be7d358', time: '2018-11-14T08:17:03'
System info: host: 'fv-az292-713', ip: '10.1.0.147', os.name: 'Linux', os.arch: 'amd64', os.version: '5.4.0-1046-azure', java.version: '1.8.0_292'
Driver info: driver.version: ChromeDriver
remote stacktrace: #0 0x559ebfb86e89 <unknown>

]]></failure>
    <system-err><![CDATA[Starting ChromeDriver 90.0.4430.24 (4c6d850f087da467d926e8eddb76550aed655991-refs/branch-heads/4430@{#429}) on port 30474
Only local connections are allowed.
Please see https://chromedriver.chromium.org/security-considerations for suggestions on keeping ChromeDriver safe.
ChromeDriver was started successfully.
]]></system-err>
  </testcase>
  <testcase name="testDropDown" classname="dropdown.DropDownTest" time="0">
    <skipped message="unknown error: Chrome failed to start: exited abnormally.&#10;  (unknown error: DevToolsActivePort file doesn&apos;t exist)&#10;  (The process started from chrome location /usr/bin/google-chrome is no longer running, so ChromeDriver is assuming that Chrome has crashed.)&#10;Build info: version: &apos;3.141.59&apos;, revision: &apos;e82be7d358&apos;, time: &apos;2018-11-14T08:17:03&apos;&#10;System info: host: &apos;fv-az292-713&apos;, ip: &apos;10.1.0.147&apos;, os.name: &apos;Linux&apos;, os.arch: &apos;amd64&apos;, os.version: &apos;5.4.0-1046-azure&apos;, java.version: &apos;1.8.0_292&apos;&#10;Driver info: driver.version: ChromeDriver&#10;remote stacktrace: #0 0x559ebfb86e89 &lt;unknown&gt;&#10;"/>
  </testcase>
  <testcase name="tearDown" classname="dropdown.DropDownTest" time="0">
    <skipped/>
  </testcase>
  <testcase name="setUp" classname="login.LoginTest" time="0.144">
    <failure message="unknown error: Chrome failed to start: exited abnormally.&#10;  (unknown error: DevToolsActivePort file doesn&apos;t exist)&#10;  (The process started from chrome location /usr/bin/google-chrome is no longer running, so ChromeDriver is assuming that Chrome has crashed.)&#10;Build info: version: &apos;3.141.59&apos;, revision: &apos;e82be7d358&apos;, time: &apos;2018-11-14T08:17:03&apos;&#10;System info: host: &apos;fv-az292-713&apos;, ip: &apos;10.1.0.147&apos;, os.name: &apos;Linux&apos;, os.arch: &apos;amd64&apos;, os.version: &apos;5.4.0-1046-azure&apos;, java.version: &apos;1.8.0_292&apos;&#10;Driver info: driver.version: ChromeDriver&#10;remote stacktrace: #0 0x55861bb41e89 &lt;unknown&gt;&#10;" type="org.openqa.selenium.WebDriverException"><![CDATA[org.openqa.selenium.WebDriverException: 
unknown error: Chrome failed to start: exited abnormally.
  (unknown error: DevToolsActivePort file doesn't exist)
  (The process started from chrome location /usr/bin/google-chrome is no longer running, so ChromeDriver is assuming that Chrome has crashed.)
Build info: version: '3.141.59', revision: 'e82be7d358', time: '2018-11-14T08:17:03'
System info: host: 'fv-az292-713', ip: '10.1.0.147', os.name: 'Linux', os.arch: 'amd64', os.version: '5.4.0-1046-azure', java.version: '1.8.0_292'
Driver info: driver.version: ChromeDriver
remote stacktrace: #0 0x55861bb41e89 <unknown>

]]></failure>
    <system-err><![CDATA[Starting ChromeDriver 90.0.4430.24 (4c6d850f087da467d926e8eddb76550aed655991-refs/branch-heads/4430@{#429}) on port 26543
Only local connections are allowed.
Please see https://chromedriver.chromium.org/security-considerations for suggestions on keeping ChromeDriver safe.
ChromeDriver was started successfully.
]]></system-err>
  </testcase>
  <testcase name="setUp" classname="login.LoginTest" time="0">
    <skipped/>
  </testcase>
  <testcase name="testSuccessfulLogin" classname="login.LoginTest" time="0">
    <skipped message="unknown error: Chrome failed to start: exited abnormally.&#10;  (unknown error: DevToolsActivePort file doesn&apos;t exist)&#10;  (The process started from chrome location /usr/bin/google-chrome is no longer running, so ChromeDriver is assuming that Chrome has crashed.)&#10;Build info: version: &apos;3.141.59&apos;, revision: &apos;e82be7d358&apos;, time: &apos;2018-11-14T08:17:03&apos;&#10;System info: host: &apos;fv-az292-713&apos;, ip: &apos;10.1.0.147&apos;, os.name: &apos;Linux&apos;, os.arch: &apos;amd64&apos;, os.version: &apos;5.4.0-1046-azure&apos;, java.version: &apos;1.8.0_292&apos;&#10;Driver info: driver.version: ChromeDriver&#10;remote stacktrace: #0 0x55861bb41e89 &lt;unknown&gt;&#10;"/>
  </testcase>
  <testcase name="testSuccessfulLogin" classname="login.LoginTest" time="0">
    <skipped message="unknown error: Chrome failed to start: exited abnormally.&#10;  (unknown error: DevToolsActivePort file doesn&apos;t exist)&#10;  (The process started from chrome location /usr/bin/google-chrome is no longer running, so ChromeDriver is assuming that Chrome has crashed.)&#10;Build info: version: &apos;3.141.59&apos;, revision: &apos;e82be7d358&apos;, time: &apos;2018-11-14T08:17:03&apos;&#10;System info: host: &apos;fv-az292-713&apos;, ip: &apos;10.1.0.147&apos;, os.name: &apos;Linux&apos;, os.arch: &apos;amd64&apos;, os.version: &apos;5.4.0-1046-azure&apos;, java.version: &apos;1.8.0_292&apos;&#10;Driver info: driver.version: ChromeDriver&#10;remote stacktrace: #0 0x55861bb41e89 &lt;unknown&gt;&#10;"/>
  </testcase>
  <testcase name="tearDown" classname="login.LoginTest" time="0">
    <skipped/>
  </testcase>
  <testcase name="tearDown" classname="login.LoginTest" time="0">
    <skipped/>
  </testcase>
  <testcase name="setUp" classname="geolocation.GeolocationTest" time="0.142">
    <failure message="unknown error: Chrome failed to start: exited abnormally.&#10;  (unknown error: DevToolsActivePort file doesn&apos;t exist)&#10;  (The process started from chrome location /usr/bin/google-chrome is no longer running, so ChromeDriver is assuming that Chrome has crashed.)&#10;Build info: version: &apos;3.141.59&apos;, revision: &apos;e82be7d358&apos;, time: &apos;2018-11-14T08:17:03&apos;&#10;System info: host: &apos;fv-az292-713&apos;, ip: &apos;10.1.0.147&apos;, os.name: &apos;Linux&apos;, os.arch: &apos;amd64&apos;, os.version: &apos;5.4.0-1046-azure&apos;, java.version: &apos;1.8.0_292&apos;&#10;Driver info: driver.version: ChromeDriver&#10;remote stacktrace: #0 0x55b3f29e5e89 &lt;unknown&gt;&#10;" type="org.openqa.selenium.WebDriverException"><![CDATA[org.openqa.selenium.WebDriverException: 
unknown error: Chrome failed to start: exited abnormally.
  (unknown error: DevToolsActivePort file doesn't exist)
  (The process started from chrome location /usr/bin/google-chrome is no longer running, so ChromeDriver is assuming that Chrome has crashed.)
Build info: version: '3.141.59', revision: 'e82be7d358', time: '2018-11-14T08:17:03'
System info: host: 'fv-az292-713', ip: '10.1.0.147', os.name: 'Linux', os.arch: 'amd64', os.version: '5.4.0-1046-azure', java.version: '1.8.0_292'
Driver info: driver.version: ChromeDriver
remote stacktrace: #0 0x55b3f29e5e89 <unknown>

]]></failure>
    <system-err><![CDATA[Starting ChromeDriver 90.0.4430.24 (4c6d850f087da467d926e8eddb76550aed655991-refs/branch-heads/4430@{#429}) on port 10532
Only local connections are allowed.
Please see https://chromedriver.chromium.org/security-considerations for suggestions on keeping ChromeDriver safe.
ChromeDriver was started successfully.
]]></system-err>
  </testcase>
  <testcase name="testGeolocation" classname="geolocation.GeolocationTest" time="0">
    <skipped message="unknown error: Chrome failed to start: exited abnormally.&#10;  (unknown error: DevToolsActivePort file doesn&apos;t exist)&#10;  (The process started from chrome location /usr/bin/google-chrome is no longer running, so ChromeDriver is assuming that Chrome has crashed.)&#10;Build info: version: &apos;3.141.59&apos;, revision: &apos;e82be7d358&apos;, time: &apos;2018-11-14T08:17:03&apos;&#10;System info: host: &apos;fv-az292-713&apos;, ip: &apos;10.1.0.147&apos;, os.name: &apos;Linux&apos;, os.arch: &apos;amd64&apos;, os.version: &apos;5.4.0-1046-azure&apos;, java.version: &apos;1.8.0_292&apos;&#10;Driver info: driver.version: ChromeDriver&#10;remote stacktrace: #0 0x55b3f29e5e89 &lt;unknown&gt;&#10;"/>
  </testcase>
  <testcase name="tearDown" classname="geolocation.GeolocationTest" time="0">
    <skipped/>
  </testcase>
  <testcase name="setUp" classname="wait.Example1LoadingTest" time="0.146">
    <failure message="unknown error: Chrome failed to start: exited abnormally.&#10;  (unknown error: DevToolsActivePort file doesn&apos;t exist)&#10;  (The process started from chrome location /usr/bin/google-chrome is no longer running, so ChromeDriver is assuming that Chrome has crashed.)&#10;Build info: version: &apos;3.141.59&apos;, revision: &apos;e82be7d358&apos;, time: &apos;2018-11-14T08:17:03&apos;&#10;System info: host: &apos;fv-az292-713&apos;, ip: &apos;10.1.0.147&apos;, os.name: &apos;Linux&apos;, os.arch: &apos;amd64&apos;, os.version: &apos;5.4.0-1046-azure&apos;, java.version: &apos;1.8.0_292&apos;&#10;Driver info: driver.version: ChromeDriver&#10;remote stacktrace: #0 0x558c36b7ee89 &lt;unknown&gt;&#10;" type="org.openqa.selenium.WebDriverException"><![CDATA[org.openqa.selenium.WebDriverException: 
unknown error: Chrome failed to start: exited abnormally.
  (unknown error: DevToolsActivePort file doesn't exist)
  (The process started from chrome location /usr/bin/google-chrome is no longer running, so ChromeDriver is assuming that Chrome has crashed.)
Build info: version: '3.141.59', revision: 'e82be7d358', time: '2018-11-14T08:17:03'
System info: host: 'fv-az292-713', ip: '10.1.0.147', os.name: 'Linux', os.arch: 'amd64', os.version: '5.4.0-1046-azure', java.version: '1.8.0_292'
Driver info: driver.version: ChromeDriver
remote stacktrace: #0 0x558c36b7ee89 <unknown>

]]></failure>
    <system-err><![CDATA[Starting ChromeDriver 90.0.4430.24 (4c6d850f087da467d926e8eddb76550aed655991-refs/branch-heads/4430@{#429}) on port 28840
Only local connections are allowed.
Please see https://chromedriver.chromium.org/security-considerations for suggestions on keeping ChromeDriver safe.
ChromeDriver was started successfully.
]]></system-err>
  </testcase>
  <testcase name="testWaitExmaple1" classname="wait.Example1LoadingTest" time="0">
    <skipped message="unknown error: Chrome failed to start: exited abnormally.&#10;  (unknown error: DevToolsActivePort file doesn&apos;t exist)&#10;  (The process started from chrome location /usr/bin/google-chrome is no longer running, so ChromeDriver is assuming that Chrome has crashed.)&#10;Build info: version: &apos;3.141.59&apos;, revision: &apos;e82be7d358&apos;, time: &apos;2018-11-14T08:17:03&apos;&#10;System info: host: &apos;fv-az292-713&apos;, ip: &apos;10.1.0.147&apos;, os.name: &apos;Linux&apos;, os.arch: &apos;amd64&apos;, os.version: &apos;5.4.0-1046-azure&apos;, java.version: &apos;1.8.0_292&apos;&#10;Driver info: driver.version: ChromeDriver&#10;remote stacktrace: #0 0x558c36b7ee89 &lt;unknown&gt;&#10;"/>
  </testcase>
  <testcase name="tearDown" classname="wait.Example1LoadingTest" time="0">
    <skipped/>
  </testcase>
</testsuite>