<?xml version="1.0" encoding="UTF-8"?>
<testsuite xmlns:xsi="http://www.w3.org/2001/XMLSchema-instance" xsi:noNamespaceSchemaLocation="https://maven.apache.org/surefire/maven-surefire-plugin/xsd/surefire-test-report.xsd" name="TestSuite" time="6.534" tests="54" errors="0" skipped="43" failures="11">
  <properties>
[...]
</properties>
  <testcase name="setUp" classname="iframe.FrameTest" time="4.662">
    <failure message="unknown error: Chrome failed to start: exited abnormally.&#10;  (unknown error: DevToolsActivePort file doesn&apos;t exist)&#10;  (The process started from chrome location /usr/bin/google-chrome is no longer running, so ChromeDriver is assuming that Chrome has crashed.)&#10;Build info: version: &apos;3.141.59&apos;, revision: &apos;e82be7d358&apos;, time: &apos;2018-11-14T08:17:03&apos;&#10;System info: host: &apos;fv-az154-953&apos;, ip: &apos;10.1.0.93&apos;, os.name: &apos;Linux&apos;, os.arch: &apos;amd64&apos;, os.version: &apos;5.4.0-1046-azure&apos;, java.version: &apos;1.8.0_292&apos;&#10;Driver info: driver.version: ChromeDriver&#10;remote stacktrace: #0 0x55e72a2b1e89 &lt;unknown&gt;&#10;" type="org.openqa.selenium.WebDriverException"><![CDATA[org.openqa.selenium.WebDriverException: 
unknown error: Chrome failed to start: exited abnormally.
  (unknown error: DevToolsActivePort file doesn't exist)
  (The process started from chrome location /usr/bin/google-chrome is no longer running, so ChromeDriver is assuming that Chrome has crashed.)
Build info: version: '3.141.59', revision: 'e82be7d358', time: '2018-11-14T08:17:03'
System info: host: 'fv-az154-953', ip: '10.1.0.93', os.name: 'Linux', os.arch: 'amd64', os.version: '5.4.0-1046-azure', java.version: '1.8.0_292'
Driver info: driver.version: ChromeDriver
remote stacktrace: #0 0x55e72a2b1e89 <unknown>

]]></failure>
    <system-out><![CDATA[Allure environment data saved.
]]></system-out>
    <system-err><![CDATA[SLF4J: Failed to load class "org.slf4j.impl.StaticLoggerBinder".
SLF4J: Defaulting to no-operation (NOP) logger implementation
SLF4J: See http://www.slf4j.org/codes.html#StaticLoggerBinder for further details.
May 08, 2021 11:24:15 PM java.util.prefs.FileSystemPreferences$1 run
INFO: Created user preferences directory.
Starting ChromeDriver 90.0.4430.24 (4c6d850f087da467d926e8eddb76550aed655991-refs/branch-heads/4430@{#429}) on port 14607
Only local connections are allowed.
Please see https://chromedriver.chromium.org/security-considerations for suggestions on keeping ChromeDriver safe.
ChromeDriver was started successfully.
]]></system-err>
  </testcase>
  <testcase name="testFrame" classname="iframe.FrameTest" time="0">
    <skipped message="unknown error: Chrome failed to start: exited abnormally.&#10;  (unknown error: DevToolsActivePort file doesn&apos;t exist)&#10;  (The process started from chrome location /usr/bin/google-chrome is no longer running, so ChromeDriver is assuming that Chrome has crashed.)&#10;Build info: version: &apos;3.141.59&apos;, revision: &apos;e82be7d358&apos;, time: &apos;2018-11-14T08:17:03&apos;&#10;System info: host: &apos;fv-az154-953&apos;, ip: &apos;10.1.0.93&apos;, os.name: &apos;Linux&apos;, os.arch: &apos;amd64&apos;, os.version: &apos;5.4.0-1046-azure&apos;, java.version: &apos;1.8.0_292&apos;&#10;Driver info: driver.version: ChromeDriver&#10;remote stacktrace: #0 0x55e72a2b1e89 &lt;unknown&gt;&#10;"/>
  </testcase>
  <testcase name="tearDown" classname="iframe.FrameTest" time="0">
    <skipped/>
  </testcase>
  <testcase name="setUp" classname="uploadFile.UploadFileTest" time="0.17">
    <failure message="unknown error: Chrome failed to start: exited abnormally.&#10;  (unknown error: DevToolsActivePort file doesn&apos;t exist)&#10;  (The process started from chrome location /usr/bin/google-chrome is no longer running, so ChromeDriver is assuming that Chrome has crashed.)&#10;Build info: version: &apos;3.141.59&apos;, revision: &apos;e82be7d358&apos;, time: &apos;2018-11-14T08:17:03&apos;&#10;System info: host: &apos;fv-az154-953&apos;, ip: &apos;10.1.0.93&apos;, os.name: &apos;Linux&apos;, os.arch: &apos;amd64&apos;, os.version: &apos;5.4.0-1046-azure&apos;, java.version: &apos;1.8.0_292&apos;&#10;Driver info: driver.version: ChromeDriver&#10;remote stacktrace: #0 0x55862e1dbe89 &lt;unknown&gt;&#10;" type="org.openqa.selenium.WebDriverException"><![CDATA[org.openqa.selenium.WebDriverException: 
unknown error: Chrome failed to start: exited abnormally.
  (unknown error: DevToolsActivePort file doesn't exist)
  (The process started from chrome location /usr/bin/google-chrome is no longer running, so ChromeDriver is assuming that Chrome has crashed.)
Build info: version: '3.141.59', revision: 'e82be7d358', time: '2018-11-14T08:17:03'
System info: host: 'fv-az154-953', ip: '10.1.0.93', os.name: 'Linux', os.arch: 'amd64', os.version: '5.4.0-1046-azure', java.version: '1.8.0_292'
Driver info: driver.version: ChromeDriver
remote stacktrace: #0 0x55862e1dbe89 <unknown>

]]></failure>
    <system-err><![CDATA[Starting ChromeDriver 90.0.4430.24 (4c6d850f087da467d926e8eddb76550aed655991-refs/branch-heads/4430@{#429}) on port 26685
Only local connections are allowed.
Please see https://chromedriver.chromium.org/security-considerations for suggestions on keeping ChromeDriver safe.
ChromeDriver was started successfully.
]]></system-err>
  </testcase>
  <testcase name="testUploadFile" classname="uploadFile.UploadFileTest" time="0">
    <skipped message="unknown error: Chrome failed to start: exited abnormally.&#10;  (unknown error: DevToolsActivePort file doesn&apos;t exist)&#10;  (The process started from chrome location /usr/bin/google-chrome is no longer running, so ChromeDriver is assuming that Chrome has crashed.)&#10;Build info: version: &apos;3.141.59&apos;, revision: &apos;e82be7d358&apos;, time: &apos;2018-11-14T08:17:03&apos;&#10;System info: host: &apos;fv-az154-953&apos;, ip: &apos;10.1.0.93&apos;, os.name: &apos;Linux&apos;, os.arch: &apos;amd64&apos;, os.version: &apos;5.4.0-1046-azure&apos;, java.version: &apos;1.8.0_292&apos;&#10;Driver info: driver.version: ChromeDriver&#10;remote stacktrace: #0 0x55862e1dbe89 &lt;unknown&gt;&#10;"/>
  </testcase>
  <testcase name="tearDown" classname="uploadFile.UploadFileTest" time="0">
    <skipped/>
  </testcase>
  <testcase name="setUp" classname="sentEmail.SentEmailTest" time="0.16">
    <failure message="unknown error: Chrome failed to start: exited abnormally.&#10;  (unknown error: DevToolsActivePort file doesn&apos;t exist)&#10;  (The process started from chrome location /usr/bin/google-chrome is no longer running, so ChromeDriver is assuming that Chrome has crashed.)&#10;Build info: version: &apos;3.141.59&apos;, revision: &apos;e82be7d358&apos;, time: &apos;2018-11-14T08:17:03&apos;&#10;System info: host: &apos;fv-az154-953&apos;, ip: &apos;10.1.0.93&apos;, os.name: &apos;Linux&apos;, os.arch: &apos;amd64&apos;, os.version: &apos;5.4.0-1046-azure&apos;, java.version: &apos;1.8.0_292&apos;&#10;Driver info: driver.version: ChromeDriver&#10;remote stacktrace: #0 0x55d58dc20e89 &lt;unknown&gt;&#10;" type="org.openqa.selenium.WebDriverException"><![CDATA[org.openqa.selenium.WebDriverException: 
unknown error: Chrome failed to start: exited abnormally.
  (unknown error: DevToolsActivePort file doesn't exist)
  (The process started from chrome location /usr/bin/google-chrome is no longer running, so ChromeDriver is assuming that Chrome has crashed.)
Build info: version: '3.141.59', revision: 'e82be7d358', time: '2018-11-14T08:17:03'
System info: host: 'fv-az154-953', ip: '10.1.0.93', os.name: 'Linux', os.arch: 'amd64', os.version: '5.4.0-1046-azure', java.version: '1.8.0_292'
Driver info: driver.version: ChromeDriver
remote stacktrace: #0 0x55d58dc20e89 <unknown>

]]></failure>
    <system-err><![CDATA[Starting ChromeDriver 90.0.4430.24 (4c6d850f087da467d926e8eddb76550aed655991-refs/branch-heads/4430@{#429}) on port 12666
Only local connections are allowed.
Please see https://chromedriver.chromium.org/security-considerations for suggestions on keeping ChromeDriver safe.
ChromeDriver was started successfully.
]]></system-err>
  </testcase>
  <testcase name="testSentEmail" classname="sentEmail.SentEmailTest" time="0">
    <skipped message="unknown error: Chrome failed to start: exited abnormally.&#10;  (unknown error: DevToolsActivePort file doesn&apos;t exist)&#10;  (The process started from chrome location /usr/bin/google-chrome is no longer running, so ChromeDriver is assuming that Chrome has crashed.)&#10;Build info: version: &apos;3.141.59&apos;, revision: &apos;e82be7d358&apos;, time: &apos;2018-11-14T08:17:03&apos;&#10;System info: host: &apos;fv-az154-953&apos;, ip: &apos;10.1.0.93&apos;, os.name: &apos;Linux&apos;, os.arch: &apos;amd64&apos;, os.version: &apos;5.4.0-1046-azure&apos;, java.version: &apos;1.8.0_292&apos;&#10;Driver info: driver.version: ChromeDriver&#10;remote stacktrace: #0 0x55d58dc20e89 &lt;unknown&gt;&#10;"/>
  </testcase>
  <testcase name="tearDown" classname="sentEmail.SentEmailTest" time="0">
    <skipped/>
  </testcase>
  <testcase name="setUp" classname="login.LoginTestUsingPropFile" time="0.136">
    <failure message="unknown error: Chrome failed to start: exited abnormally.&#10;  (unknown error: DevToolsActivePort file doesn&apos;t exist)&#10;  (The process started from chrome location /usr/bin/google-chrome is no longer running, so ChromeDriver is assuming that Chrome has crashed.)&#10;Build info: version: &apos;3.141.59&apos;, revision: &apos;e82be7d358&apos;, time: &apos;2018-11-14T08:17:03&apos;&#10;System info: host: &apos;fv-az154-953&apos;, ip: &apos;10.1.0.93&apos;, os.name: &apos;Linux&apos;, os.arch: &apos;amd64&apos;, os.version: &apos;5.4.0-1046-azure&apos;, java.version: &apos;1.8.0_292&apos;&#10;Driver info: driver.version: ChromeDriver&#10;remote stacktrace: #0 0x55c4de4d2e89 &lt;unknown&gt;&#10;" type="org.openqa.selenium.WebDriverException"><![CDATA[org.openqa.selenium.WebDriverException: 
unknown error: Chrome failed to start: exited abnormally.
  (unknown error: DevToolsActivePort file doesn't exist)
  (The process started from chrome location /usr/bin/google-chrome is no longer running, so ChromeDriver is assuming that Chrome has crashed.)
Build info: version: '3.141.59', revision: 'e82be7d358', time: '2018-11-14T08:17:03'
System info: host: 'fv-az154-953', ip: '10.1.0.93', os.name: 'Linux', os.arch: 'amd64', os.version: '5.4.0-1046-azure', java.version: '1.8.0_292'
Driver info: driver.version: ChromeDriver
remote stacktrace: #0 0x55c4de4d2e89 <unknown>

]]></failure>
    <system-err><![CDATA[Starting ChromeDriver 90.0.4430.24 (4c6d850f087da467d926e8eddb76550aed655991-refs/branch-heads/4430@{#429}) on port 17509
Only local connections are allowed.
Please see https://chromedriver.chromium.org/security-considerations for suggestions on keeping ChromeDriver safe.
ChromeDriver was started successfully.
]]></system-err>
  </testcase>
  <testcase name="testSuccessfulLogin" classname="login.LoginTestUsingPropFile" time="0">
    <skipped message="unknown error: Chrome failed to start: exited abnormally.&#10;  (unknown error: DevToolsActivePort file doesn&apos;t exist)&#10;  (The process started from chrome location /usr/bin/google-chrome is no longer running, so ChromeDriver is assuming that Chrome has crashed.)&#10;Build info: version: &apos;3.141.59&apos;, revision: &apos;e82be7d358&apos;, time: &apos;2018-11-14T08:17:03&apos;&#10;System info: host: &apos;fv-az154-953&apos;, ip: &apos;10.1.0.93&apos;, os.name: &apos;Linux&apos;, os.arch: &apos;amd64&apos;, os.version: &apos;5.4.0-1046-azure&apos;, java.version: &apos;1.8.0_292&apos;&#10;Driver info: driver.version: ChromeDriver&#10;remote stacktrace: #0 0x55c4de4d2e89 &lt;unknown&gt;&#10;"/>
  </testcase>
  <testcase name="tearDown" classname="login.LoginTestUsingPropFile" time="0">
    <skipped/>
  </testcase>
  <testcase name="setUp" classname="status.StatusCodeTest" time="0.158">
    <failure message="unknown error: Chrome failed to start: exited abnormally.&#10;  (unknown error: DevToolsActivePort file doesn&apos;t exist)&#10;  (The process started from chrome location /usr/bin/google-chrome is no longer running, so ChromeDriver is assuming that Chrome has crashed.)&#10;Build info: version: &apos;3.141.59&apos;, revision: &apos;e82be7d358&apos;, time: &apos;2018-11-14T08:17:03&apos;&#10;System info: host: &apos;fv-az154-953&apos;, ip: &apos;10.1.0.93&apos;, os.name: &apos;Linux&apos;, os.arch: &apos;amd64&apos;, os.version: &apos;5.4.0-1046-azure&apos;, java.version: &apos;1.8.0_292&apos;&#10;Driver info: driver.version: ChromeDriver&#10;remote stacktrace: #0 0x55b786ac5e89 &lt;unknown&gt;&#10;" type="org.openqa.selenium.WebDriverException"><![CDATA[org.openqa.selenium.WebDriverException: 
unknown error: Chrome failed to start: exited abnormally.
  (unknown error: DevToolsActivePort file doesn't exist)
  (The process started from chrome location /usr/bin/google-chrome is no longer running, so ChromeDriver is assuming that Chrome has crashed.)
Build info: version: '3.141.59', revision: 'e82be7d358', time: '2018-11-14T08:17:03'
System info: host: 'fv-az154-953', ip: '10.1.0.93', os.name: 'Linux', os.arch: 'amd64', os.version: '5.4.0-1046-azure', java.version: '1.8.0_292'
Driver info: driver.version: ChromeDriver
remote stacktrace: #0 0x55b786ac5e89 <unknown>

]]></failure>
    <system-err><![CDATA[Starting ChromeDriver 90.0.4430.24 (4c6d850f087da467d926e8eddb76550aed655991-refs/branch-heads/4430@{#429}) on port 26175
Only local connections are allowed.
Please see https://chromedriver.chromium.org/security-considerations for suggestions on keeping ChromeDriver safe.
ChromeDriver was started successfully.
]]></system-err>
  </testcase>
  <testcase name="setUp" classname="status.StatusCodeTest" time="0">
    <skipped/>
  </testcase>
  <testcase name="setUp" classname="status.StatusCodeTest" time="0">
    <skipped/>
  </testcase>
  <testcase name="setUp" classname="status.StatusCodeTest" time="0">
    <skipped/>
  </testcase>
  <testcase name="setUp" classname="status.StatusCodeTest" time="0">
    <skipped/>
  </testcase>
  <testcase name="testStatusCodes" classname="status.StatusCodeTest" time="0">
    <skipped message="unknown error: Chrome failed to start: exited abnormally.&#10;  (unknown error: DevToolsActivePort file doesn&apos;t exist)&#10;  (The process started from chrome location /usr/bin/google-chrome is no longer running, so ChromeDriver is assuming that Chrome has crashed.)&#10;Build info: version: &apos;3.141.59&apos;, revision: &apos;e82be7d358&apos;, time: &apos;2018-11-14T08:17:03&apos;&#10;System info: host: &apos;fv-az154-953&apos;, ip: &apos;10.1.0.93&apos;, os.name: &apos;Linux&apos;, os.arch: &apos;amd64&apos;, os.version: &apos;5.4.0-1046-azure&apos;, java.version: &apos;1.8.0_292&apos;&#10;Driver info: driver.version: ChromeDriver&#10;remote stacktrace: #0 0x55b786ac5e89 &lt;unknown&gt;&#10;"/>
  </testcase>
  <testcase name="testStatusCodes" classname="status.StatusCodeTest" time="0">
    <skipped message="unknown error: Chrome failed to start: exited abnormally.&#10;  (unknown error: DevToolsActivePort file doesn&apos;t exist)&#10;  (The process started from chrome location /usr/bin/google-chrome is no longer running, so ChromeDriver is assuming that Chrome has crashed.)&#10;Build info: version: &apos;3.141.59&apos;, revision: &apos;e82be7d358&apos;, time: &apos;2018-11-14T08:17:03&apos;&#10;System info: host: &apos;fv-az154-953&apos;, ip: &apos;10.1.0.93&apos;, os.name: &apos;Linux&apos;, os.arch: &apos;amd64&apos;, os.version: &apos;5.4.0-1046-azure&apos;, java.version: &apos;1.8.0_292&apos;&#10;Driver info: driver.version: ChromeDriver&#10;remote stacktrace: #0 0x55b786ac5e89 &lt;unknown&gt;&#10;"/>
  </testcase>
  <testcase name="testStatusCodes" classname="status.StatusCodeTest" time="0">
    <skipped message="unknown error: Chrome failed to start: exited abnormally.&#10;  (unknown error: DevToolsActivePort file doesn&apos;t exist)&#10;  (The process started from chrome location /usr/bin/google-chrome is no longer running, so ChromeDriver is assuming that Chrome has crashed.)&#10;Build info: version: &apos;3.141.59&apos;, revision: &apos;e82be7d358&apos;, time: &apos;2018-11-14T08:17:03&apos;&#10;System info: host: &apos;fv-az154-953&apos;, ip: &apos;10.1.0.93&apos;, os.name: &apos;Linux&apos;, os.arch: &apos;amd64&apos;, os.version: &apos;5.4.0-1046-azure&apos;, java.version: &apos;1.8.0_292&apos;&#10;Driver info: driver.version: ChromeDriver&#10;remote stacktrace: #0 0x55b786ac5e89 &lt;unknown&gt;&#10;"/>
  </testcase>
  <testcase name="testStatusCodes" classname="status.StatusCodeTest" time="0">
    <skipped message="unknown error: Chrome failed to start: exited abnormally.&#10;  (unknown error: DevToolsActivePort file doesn&apos;t exist)&#10;  (The process started from chrome location /usr/bin/google-chrome is no longer running, so ChromeDriver is assuming that Chrome has crashed.)&#10;Build info: version: &apos;3.141.59&apos;, revision: &apos;e82be7d358&apos;, time: &apos;2018-11-14T08:17:03&apos;&#10;System info: host: &apos;fv-az154-953&apos;, ip: &apos;10.1.0.93&apos;, os.name: &apos;Linux&apos;, os.arch: &apos;amd64&apos;, os.version: &apos;5.4.0-1046-azure&apos;, java.version: &apos;1.8.0_292&apos;&#10;Driver info: driver.version: ChromeDriver&#10;remote stacktrace: #0 0x55b786ac5e89 &lt;unknown&gt;&#10;"/>
  </testcase>
  <testcase name="testStatusCodes" classname="status.StatusCodeTest" time="0">
    <skipped message="unknown error: Chrome failed to start: exited abnormally.&#10;  (unknown error: DevToolsActivePort file doesn&apos;t exist)&#10;  (The process started from chrome location /usr/bin/google-chrome is no longer running, so ChromeDriver is assuming that Chrome has crashed.)&#10;Build info: version: &apos;3.141.59&apos;, revision: &apos;e82be7d358&apos;, time: &apos;2018-11-14T08:17:03&apos;&#10;System info: host: &apos;fv-az154-953&apos;, ip: &apos;10.1.0.93&apos;, os.name: &apos;Linux&apos;, os.arch: &apos;amd64&apos;, os.version: &apos;5.4.0-1046-azure&apos;, java.version: &apos;1.8.0_292&apos;&#10;Driver info: driver.version: ChromeDriver&#10;remote stacktrace: #0 0x55b786ac5e89 &lt;unknown&gt;&#10;"/>
  </testcase>
  <testcase name="tearDown" classname="status.StatusCodeTest" time="0">
    <skipped/>
  </testcase>
  <testcase name="tearDown" classname="status.StatusCodeTest" time="0">
    <skipped/>
  </testcase>
  <testcase name="tearDown" classname="status.StatusCodeTest" time="0">
    <skipped/>
  </testcase>
  <testcase name="tearDown" classname="status.StatusCodeTest" time="0">
    <skipped/>
  </testcase>
  <testcase name="tearDown" classname="status.StatusCodeTest" time="0">
    <skipped/>
  </testcase>
  <testcase name="setUp" classname="wait.Example2LoadingTest" time="0.147">
    <failure message="unknown error: Chrome failed to start: exited abnormally.&#10;  (unknown error: DevToolsActivePort file doesn&apos;t exist)&#10;  (The process started from chrome location /usr/bin/google-chrome is no longer running, so ChromeDriver is assuming that Chrome has crashed.)&#10;Build info: version: &apos;3.141.59&apos;, revision: &apos;e82be7d358&apos;, time: &apos;2018-11-14T08:17:03&apos;&#10;System info: host: &apos;fv-az154-953&apos;, ip: &apos;10.1.0.93&apos;, os.name: &apos;Linux&apos;, os.arch: &apos;amd64&apos;, os.version: &apos;5.4.0-1046-azure&apos;, java.version: &apos;1.8.0_292&apos;&#10;Driver info: driver.version: ChromeDriver&#10;remote stacktrace: #0 0x5585c3ad3e89 &lt;unknown&gt;&#10;" type="org.openqa.selenium.WebDriverException"><![CDATA[org.openqa.selenium.WebDriverException: 
unknown error: Chrome failed to start: exited abnormally.
  (unknown error: DevToolsActivePort file doesn't exist)
  (The process started from chrome location /usr/bin/google-chrome is no longer running, so ChromeDriver is assuming that Chrome has crashed.)
Build info: version: '3.141.59', revision: 'e82be7d358', time: '2018-11-14T08:17:03'
System info: host: 'fv-az154-953', ip: '10.1.0.93', os.name: 'Linux', os.arch: 'amd64', os.version: '5.4.0-1046-azure', java.version: '1.8.0_292'
Driver info: driver.version: ChromeDriver
remote stacktrace: #0 0x5585c3ad3e89 <unknown>

]]></failure>
    <system-err><![CDATA[Starting ChromeDriver 90.0.4430.24 (4c6d850f087da467d926e8eddb76550aed655991-refs/branch-heads/4430@{#429}) on port 9026
Only local connections are allowed.
Please see https://chromedriver.chromium.org/security-considerations for suggestions on keeping ChromeDriver safe.
ChromeDriver was started successfully.
]]></system-err>
  </testcase>
  <testcase name="testWaitExmaple2" classname="wait.Example2LoadingTest" time="0">
    <skipped message="unknown error: Chrome failed to start: exited abnormally.&#10;  (unknown error: DevToolsActivePort file doesn&apos;t exist)&#10;  (The process started from chrome location /usr/bin/google-chrome is no longer running, so ChromeDriver is assuming that Chrome has crashed.)&#10;Build info: version: &apos;3.141.59&apos;, revision: &apos;e82be7d358&apos;, time: &apos;2018-11-14T08:17:03&apos;&#10;System info: host: &apos;fv-az154-953&apos;, ip: &apos;10.1.0.93&apos;, os.name: &apos;Linux&apos;, os.arch: &apos;amd64&apos;, os.version: &apos;5.4.0-1046-azure&apos;, java.version: &apos;1.8.0_292&apos;&#10;Driver info: driver.version: ChromeDriver&#10;remote stacktrace: #0 0x5585c3ad3e89 &lt;unknown&gt;&#10;"/>
  </testcase>
  <testcase name="tearDown" classname="wait.Example2LoadingTest" time="0">
    <skipped/>
  </testcase>
  <testcase name="setUp" classname="alert.AlertTest" time="0.155">
    <failure message="unknown error: Chrome failed to start: exited abnormally.&#10;  (unknown error: DevToolsActivePort file doesn&apos;t exist)&#10;  (The process started from chrome location /usr/bin/google-chrome is no longer running, so ChromeDriver is assuming that Chrome has crashed.)&#10;Build info: version: &apos;3.141.59&apos;, revision: &apos;e82be7d358&apos;, time: &apos;2018-11-14T08:17:03&apos;&#10;System info: host: &apos;fv-az154-953&apos;, ip: &apos;10.1.0.93&apos;, os.name: &apos;Linux&apos;, os.arch: &apos;amd64&apos;, os.version: &apos;5.4.0-1046-azure&apos;, java.version: &apos;1.8.0_292&apos;&#10;Driver info: driver.version: ChromeDriver&#10;remote stacktrace: #0 0x56082db71e89 &lt;unknown&gt;&#10;" type="org.openqa.selenium.WebDriverException"><![CDATA[org.openqa.selenium.WebDriverException: 
unknown error: Chrome failed to start: exited abnormally.
  (unknown error: DevToolsActivePort file doesn't exist)
  (The process started from chrome location /usr/bin/google-chrome is no longer running, so ChromeDriver is assuming that Chrome has crashed.)
Build info: version: '3.141.59', revision: 'e82be7d358', time: '2018-11-14T08:17:03'
System info: host: 'fv-az154-953', ip: '10.1.0.93', os.name: 'Linux', os.arch: 'amd64', os.version: '5.4.0-1046-azure', java.version: '1.8.0_292'
Driver info: driver.version: ChromeDriver
remote stacktrace: #0 0x56082db71e89 <unknown>

]]></failure>
    <system-err><![CDATA[Starting ChromeDriver 90.0.4430.24 (4c6d850f087da467d926e8eddb76550aed655991-refs/branch-heads/4430@{#429}) on port 4339
Only local connections are allowed.
Please see https://chromedriver.chromium.org/security-considerations for suggestions on keeping ChromeDriver safe.
ChromeDriver was started successfully.
]]></system-err>
  </testcase>
  <testcase name="setUp" classname="alert.AlertTest" time="0">
    <skipped/>
  </testcase>
  <testcase name="setUp" classname="alert.AlertTest" time="0">
    <skipped/>
  </testcase>
  <testcase name="testAcceptAlert" classname="alert.AlertTest" time="0">
    <skipped message="unknown error: Chrome failed to start: exited abnormally.&#10;  (unknown error: DevToolsActivePort file doesn&apos;t exist)&#10;  (The process started from chrome location /usr/bin/google-chrome is no longer running, so ChromeDriver is assuming that Chrome has crashed.)&#10;Build info: version: &apos;3.141.59&apos;, revision: &apos;e82be7d358&apos;, time: &apos;2018-11-14T08:17:03&apos;&#10;System info: host: &apos;fv-az154-953&apos;, ip: &apos;10.1.0.93&apos;, os.name: &apos;Linux&apos;, os.arch: &apos;amd64&apos;, os.version: &apos;5.4.0-1046-azure&apos;, java.version: &apos;1.8.0_292&apos;&#10;Driver info: driver.version: ChromeDriver&#10;remote stacktrace: #0 0x56082db71e89 &lt;unknown&gt;&#10;"/>
  </testcase>
  <testcase name="tearDown" classname="alert.AlertTest" time="0">
    <skipped/>
  </testcase>
  <testcase name="tearDown" classname="alert.AlertTest" time="0">
    <skipped/>
  </testcase>
  <testcase name="tearDown" classname="alert.AlertTest" time="0">
    <skipped/>
  </testcase>
  <testcase name="testGetTextFromAlert" classname="alert.AlertTest" time="0">
    <skipped message="unknown error: Chrome failed to start: exited abnormally.&#10;  (unknown error: DevToolsActivePort file doesn&apos;t exist)&#10;  (The process started from chrome location /usr/bin/google-chrome is no longer running, so ChromeDriver is assuming that Chrome has crashed.)&#10;Build info: version: &apos;3.141.59&apos;, revision: &apos;e82be7d358&apos;, time: &apos;2018-11-14T08:17:03&apos;&#10;System info: host: &apos;fv-az154-953&apos;, ip: &apos;10.1.0.93&apos;, os.name: &apos;Linux&apos;, os.arch: &apos;amd64&apos;, os.version: &apos;5.4.0-1046-azure&apos;, java.version: &apos;1.8.0_292&apos;&#10;Driver info: driver.version: ChromeDriver&#10;remote stacktrace: #0 0x56082db71e89 &lt;unknown&gt;&#10;"/>
  </testcase>
  <testcase name="testSetInputInAlert" classname="alert.AlertTest" time="0">
    <skipped message="unknown error: Chrome failed to start: exited abnormally.&#10;  (unknown error: DevToolsActivePort file doesn&apos;t exist)&#10;  (The process started from chrome location /usr/bin/google-chrome is no longer running, so ChromeDriver is assuming that Chrome has crashed.)&#10;Build info: version: &apos;3.141.59&apos;, revision: &apos;e82be7d358&apos;, time: &apos;2018-11-14T08:17:03&apos;&#10;System info: host: &apos;fv-az154-953&apos;, ip: &apos;10.1.0.93&apos;, os.name: &apos;Linux&apos;, os.arch: &apos;amd64&apos;, os.version: &apos;5.4.0-1046-azure&apos;, java.version: &apos;1.8.0_292&apos;&#10;Driver info: driver.version: ChromeDriver&#10;remote stacktrace: #0 0x56082db71e89 &lt;unknown&gt;&#10;"/>
  </testcase>
  <testcase name="setUp" classname="dropdown.DropDownTest" time="0.162">
    <failure message="unknown error: Chrome failed to start: exited abnormally.&#10;  (unknown error: DevToolsActivePort file doesn&apos;t exist)&#10;  (The process started from chrome location /usr/bin/google-chrome is no longer running, so ChromeDriver is assuming that Chrome has crashed.)&#10;Build info: version: &apos;3.141.59&apos;, revision: &apos;e82be7d358&apos;, time: &apos;2018-11-14T08:17:03&apos;&#10;System info: host: &apos;fv-az154-953&apos;, ip: &apos;10.1.0.93&apos;, os.name: &apos;Linux&apos;, os.arch: &apos;amd64&apos;, os.version: &apos;5.4.0-1046-azure&apos;, java.version: &apos;1.8.0_292&apos;&#10;Driver info: driver.version: ChromeDriver&#10;remote stacktrace: #0 0x56307b4dfe89 &lt;unknown&gt;&#10;" type="org.openqa.selenium.WebDriverException"><![CDATA[org.openqa.selenium.WebDriverException: 
unknown error: Chrome failed to start: exited abnormally.
  (unknown error: DevToolsActivePort file doesn't exist)
  (The process started from chrome location /usr/bin/google-chrome is no longer running, so ChromeDriver is assuming that Chrome has crashed.)
Build info: version: '3.141.59', revision: 'e82be7d358', time: '2018-11-14T08:17:03'
System info: host: 'fv-az154-953', ip: '10.1.0.93', os.name: 'Linux', os.arch: 'amd64', os.version: '5.4.0-1046-azure', java.version: '1.8.0_292'
Driver info: driver.version: ChromeDriver
remote stacktrace: #0 0x56307b4dfe89 <unknown>

]]></failure>
    <system-err><![CDATA[Starting ChromeDriver 90.0.4430.24 (4c6d850f087da467d926e8eddb76550aed655991-refs/branch-heads/4430@{#429}) on port 30740
Only local connections are allowed.
Please see https://chromedriver.chromium.org/security-considerations for suggestions on keeping ChromeDriver safe.
ChromeDriver was started successfully.
]]></system-err>
  </testcase>
  <testcase name="testDropDown" classname="dropdown.DropDownTest" time="0">
    <skipped message="unknown error: Chrome failed to start: exited abnormally.&#10;  (unknown error: DevToolsActivePort file doesn&apos;t exist)&#10;  (The process started from chrome location /usr/bin/google-chrome is no longer running, so ChromeDriver is assuming that Chrome has crashed.)&#10;Build info: version: &apos;3.141.59&apos;, revision: &apos;e82be7d358&apos;, time: &apos;2018-11-14T08:17:03&apos;&#10;System info: host: &apos;fv-az154-953&apos;, ip: &apos;10.1.0.93&apos;, os.name: &apos;Linux&apos;, os.arch: &apos;amd64&apos;, os.version: &apos;5.4.0-1046-azure&apos;, java.version: &apos;1.8.0_292&apos;&#10;Driver info: driver.version: ChromeDriver&#10;remote stacktrace: #0 0x56307b4dfe89 &lt;unknown&gt;&#10;"/>
  </testcase>
  <testcase name="tearDown" classname="dropdown.DropDownTest" time="0">
    <skipped/>
  </testcase>
  <testcase name="setUp" classname="login.LoginTest" time="0.15">
    <failure message="unknown error: Chrome failed to start: exited abnormally.&#10;  (unknown error: DevToolsActivePort file doesn&apos;t exist)&#10;  (The process started from chrome location /usr/bin/google-chrome is no longer running, so ChromeDriver is assuming that Chrome has crashed.)&#10;Build info: version: &apos;3.141.59&apos;, revision: &apos;e82be7d358&apos;, time: &apos;2018-11-14T08:17:03&apos;&#10;System info: host: &apos;fv-az154-953&apos;, ip: &apos;10.1.0.93&apos;, os.name: &apos;Linux&apos;, os.arch: &apos;amd64&apos;, os.version: &apos;5.4.0-1046-azure&apos;, java.version: &apos;1.8.0_292&apos;&#10;Driver info: driver.version: ChromeDriver&#10;remote stacktrace: #0 0x55830e45ae89 &lt;unknown&gt;&#10;" type="org.openqa.selenium.WebDriverException"><![CDATA[org.openqa.selenium.WebDriverException: 
unknown error: Chrome failed to start: exited abnormally.
  (unknown error: DevToolsActivePort file doesn't exist)
  (The process started from chrome location /usr/bin/google-chrome is no longer running, so ChromeDriver is assuming that Chrome has crashed.)
Build info: version: '3.141.59', revision: 'e82be7d358', time: '2018-11-14T08:17:03'
System info: host: 'fv-az154-953', ip: '10.1.0.93', os.name: 'Linux', os.arch: 'amd64', os.version: '5.4.0-1046-azure', java.version: '1.8.0_292'
Driver info: driver.version: ChromeDriver
remote stacktrace: #0 0x55830e45ae89 <unknown>

]]></failure>
    <system-err><![CDATA[Starting ChromeDriver 90.0.4430.24 (4c6d850f087da467d926e8eddb76550aed655991-refs/branch-heads/4430@{#429}) on port 25997
Only local connections are allowed.
Please see https://chromedriver.chromium.org/security-considerations for suggestions on keeping ChromeDriver safe.
ChromeDriver was started successfully.
]]></system-err>
  </testcase>
  <testcase name="setUp" classname="login.LoginTest" time="0">
    <skipped/>
  </testcase>
  <testcase name="testSuccessfulLogin" classname="login.LoginTest" time="0">
    <skipped message="unknown error: Chrome failed to start: exited abnormally.&#10;  (unknown error: DevToolsActivePort file doesn&apos;t exist)&#10;  (The process started from chrome location /usr/bin/google-chrome is no longer running, so ChromeDriver is assuming that Chrome has crashed.)&#10;Build info: version: &apos;3.141.59&apos;, revision: &apos;e82be7d358&apos;, time: &apos;2018-11-14T08:17:03&apos;&#10;System info: host: &apos;fv-az154-953&apos;, ip: &apos;10.1.0.93&apos;, os.name: &apos;Linux&apos;, os.arch: &apos;amd64&apos;, os.version: &apos;5.4.0-1046-azure&apos;, java.version: &apos;1.8.0_292&apos;&#10;Driver info: driver.version: ChromeDriver&#10;remote stacktrace: #0 0x55830e45ae89 &lt;unknown&gt;&#10;"/>
  </testcase>
  <testcase name="testSuccessfulLogin" classname="login.LoginTest" time="0">
    <skipped message="unknown error: Chrome failed to start: exited abnormally.&#10;  (unknown error: DevToolsActivePort file doesn&apos;t exist)&#10;  (The process started from chrome location /usr/bin/google-chrome is no longer running, so ChromeDriver is assuming that Chrome has crashed.)&#10;Build info: version: &apos;3.141.59&apos;, revision: &apos;e82be7d358&apos;, time: &apos;2018-11-14T08:17:03&apos;&#10;System info: host: &apos;fv-az154-953&apos;, ip: &apos;10.1.0.93&apos;, os.name: &apos;Linux&apos;, os.arch: &apos;amd64&apos;, os.version: &apos;5.4.0-1046-azure&apos;, java.version: &apos;1.8.0_292&apos;&#10;Driver info: driver.version: ChromeDriver&#10;remote stacktrace: #0 0x55830e45ae89 &lt;unknown&gt;&#10;"/>
  </testcase>
  <testcase name="tearDown" classname="login.LoginTest" time="0">
    <skipped/>
  </testcase>
  <testcase name="tearDown" classname="login.LoginTest" time="0">
    <skipped/>
  </testcase>
  <testcase name="setUp" classname="geolocation.GeolocationTest" time="0.139">
    <failure message="unknown error: Chrome failed to start: exited abnormally.&#10;  (unknown error: DevToolsActivePort file doesn&apos;t exist)&#10;  (The process started from chrome location /usr/bin/google-chrome is no longer running, so ChromeDriver is assuming that Chrome has crashed.)&#10;Build info: version: &apos;3.141.59&apos;, revision: &apos;e82be7d358&apos;, time: &apos;2018-11-14T08:17:03&apos;&#10;System info: host: &apos;fv-az154-953&apos;, ip: &apos;10.1.0.93&apos;, os.name: &apos;Linux&apos;, os.arch: &apos;amd64&apos;, os.version: &apos;5.4.0-1046-azure&apos;, java.version: &apos;1.8.0_292&apos;&#10;Driver info: driver.version: ChromeDriver&#10;remote stacktrace: #0 0x55c288714e89 &lt;unknown&gt;&#10;" type="org.openqa.selenium.WebDriverException"><![CDATA[org.openqa.selenium.WebDriverException: 
unknown error: Chrome failed to start: exited abnormally.
  (unknown error: DevToolsActivePort file doesn't exist)
  (The process started from chrome location /usr/bin/google-chrome is no longer running, so ChromeDriver is assuming that Chrome has crashed.)
Build info: version: '3.141.59', revision: 'e82be7d358', time: '2018-11-14T08:17:03'
System info: host: 'fv-az154-953', ip: '10.1.0.93', os.name: 'Linux', os.arch: 'amd64', os.version: '5.4.0-1046-azure', java.version: '1.8.0_292'
Driver info: driver.version: ChromeDriver
remote stacktrace: #0 0x55c288714e89 <unknown>

]]></failure>
    <system-err><![CDATA[Starting ChromeDriver 90.0.4430.24 (4c6d850f087da467d926e8eddb76550aed655991-refs/branch-heads/4430@{#429}) on port 3724
Only local connections are allowed.
Please see https://chromedriver.chromium.org/security-considerations for suggestions on keeping ChromeDriver safe.
ChromeDriver was started successfully.
]]></system-err>
  </testcase>
  <testcase name="testGeolocation" classname="geolocation.GeolocationTest" time="0">
    <skipped message="unknown error: Chrome failed to start: exited abnormally.&#10;  (unknown error: DevToolsActivePort file doesn&apos;t exist)&#10;  (The process started from chrome location /usr/bin/google-chrome is no longer running, so ChromeDriver is assuming that Chrome has crashed.)&#10;Build info: version: &apos;3.141.59&apos;, revision: &apos;e82be7d358&apos;, time: &apos;2018-11-14T08:17:03&apos;&#10;System info: host: &apos;fv-az154-953&apos;, ip: &apos;10.1.0.93&apos;, os.name: &apos;Linux&apos;, os.arch: &apos;amd64&apos;, os.version: &apos;5.4.0-1046-azure&apos;, java.version: &apos;1.8.0_292&apos;&#10;Driver info: driver.version: ChromeDriver&#10;remote stacktrace: #0 0x55c288714e89 &lt;unknown&gt;&#10;"/>
  </testcase>
  <testcase name="tearDown" classname="geolocation.GeolocationTest" time="0">
    <skipped/>
  </testcase>
  <testcase name="setUp" classname="wait.Example1LoadingTest" time="0.156">
    <failure message="unknown error: Chrome failed to start: exited abnormally.&#10;  (unknown error: DevToolsActivePort file doesn&apos;t exist)&#10;  (The process started from chrome location /usr/bin/google-chrome is no longer running, so ChromeDriver is assuming that Chrome has crashed.)&#10;Build info: version: &apos;3.141.59&apos;, revision: &apos;e82be7d358&apos;, time: &apos;2018-11-14T08:17:03&apos;&#10;System info: host: &apos;fv-az154-953&apos;, ip: &apos;10.1.0.93&apos;, os.name: &apos;Linux&apos;, os.arch: &apos;amd64&apos;, os.version: &apos;5.4.0-1046-azure&apos;, java.version: &apos;1.8.0_292&apos;&#10;Driver info: driver.version: ChromeDriver&#10;remote stacktrace: #0 0x55ffea304e89 &lt;unknown&gt;&#10;" type="org.openqa.selenium.WebDriverException"><![CDATA[org.openqa.selenium.WebDriverException: 
unknown error: Chrome failed to start: exited abnormally.
  (unknown error: DevToolsActivePort file doesn't exist)
  (The process started from chrome location /usr/bin/google-chrome is no longer running, so ChromeDriver is assuming that Chrome has crashed.)
Build info: version: '3.141.59', revision: 'e82be7d358', time: '2018-11-14T08:17:03'
System info: host: 'fv-az154-953', ip: '10.1.0.93', os.name: 'Linux', os.arch: 'amd64', os.version: '5.4.0-1046-azure', java.version: '1.8.0_292'
Driver info: driver.version: ChromeDriver
remote stacktrace: #0 0x55ffea304e89 <unknown>

]]></failure>
    <system-err><![CDATA[Starting ChromeDriver 90.0.4430.24 (4c6d850f087da467d926e8eddb76550aed655991-refs/branch-heads/4430@{#429}) on port 5945
Only local connections are allowed.
Please see https://chromedriver.chromium.org/security-considerations for suggestions on keeping ChromeDriver safe.
ChromeDriver was started successfully.
]]></system-err>
  </testcase>
  <testcase name="testWaitExmaple1" classname="wait.Example1LoadingTest" time="0">
    <skipped message="unknown error: Chrome failed to start: exited abnormally.&#10;  (unknown error: DevToolsActivePort file doesn&apos;t exist)&#10;  (The process started from chrome location /usr/bin/google-chrome is no longer running, so ChromeDriver is assuming that Chrome has crashed.)&#10;Build info: version: &apos;3.141.59&apos;, revision: &apos;e82be7d358&apos;, time: &apos;2018-11-14T08:17:03&apos;&#10;System info: host: &apos;fv-az154-953&apos;, ip: &apos;10.1.0.93&apos;, os.name: &apos;Linux&apos;, os.arch: &apos;amd64&apos;, os.version: &apos;5.4.0-1046-azure&apos;, java.version: &apos;1.8.0_292&apos;&#10;Driver info: driver.version: ChromeDriver&#10;remote stacktrace: #0 0x55ffea304e89 &lt;unknown&gt;&#10;"/>
  </testcase>
  <testcase name="tearDown" classname="wait.Example1LoadingTest" time="0">
    <skipped/>
  </testcase>
</testsuite>